The system is: Windows - 10.0.19045 - AMD64
Compiling the CXX compiler identification source file "CMakeCXXCompilerId.cpp" succeeded.
Compiler: D:/Visual Studio/VS/VC/Tools/MSVC/14.41.34120/bin/Hostx64/x64/cl.exe 
Build flags: 
Id flags:  

The output was:
0
╨Т╨╡╤А╤Б╨╕╤П MSBuild 17.11.9+a69bbaaf5 ╨┤╨╗╤П .NET Framework
╨б╨▒╨╛╤А╨║╨░ ╨╜╨░╤З╨░╤В╨░ 09.12.2024 13:34:41.

╨Я╤А╨╛╨╡╨║╤В "E:\jetbrains\CLionProjects\STRELKA2\Strelka\cmake-build-debug-visual-studio\CMakeFiles\3.25.2\CompilerIdCXX\CompilerIdCXX.vcxproj" ╨▓ ╤Г╨╖╨╗╨╡ 1 (╤Ж╨╡╨╗╨╡╨▓╤Л╨╡ ╨╛╨▒╤К╨╡╨║╤В╤Л ╨┐╨╛ ╤Г╨╝╨╛╨╗╤З╨░╨╜╨╕╤О).
PrepareForBuild:
  ╨б╨╛╨╖╨┤╨░╨╜╨╕╨╡ ╨║╨░╤В╨░╨╗╨╛╨│╨░ "Debug\".
  ╨б╤В╤А╤Г╨║╤В╤Г╤А╨╕╤А╨╛╨▓╨░╨╜╨╜╤Л╨╣ ╨▓╤Л╨▓╨╛╨┤ ╨▓╨║╨╗╤О╤З╨╡╨╜. ╨д╨╛╤А╨╝╨░╤В╨╕╤А╨╛╨▓╨░╨╜╨╕╨╡ ╨┤╨╕╨░╨│╨╜╨╛╤Б╤В╨╕╨║╨╕ ╨║╨╛╨╝╨┐╨╕╨╗╤П╤В╨╛╤А╨░ ╨▒╤Г╨┤╨╡╤В ╨╛╤В╤А╨░╨╢╨░╤В╤М ╨╕╨╡╤А╨░╤А╤Е╨╕╤О ╨╛╤И╨╕╨▒╨╛╨║. ╨Я╨╛╨┤╤А╨╛╨▒╨╜╨╡╨╡ ╤Б╨╝. https://aka.ms/cpp/structured-output.
  ╨б╨╛╨╖╨┤╨░╨╜╨╕╨╡ ╨║╨░╤В╨░╨╗╨╛╨│╨░ "Debug\CompilerIdCXX.tlog\".
InitializeBuildStatus:
  ╨б╨╛╨╖╨┤╨░╨╜╨╕╨╡ "Debug\CompilerIdCXX.tlog\unsuccessfulbuild", ╤В╨░╨║ ╨║╨░╨║ ╨▒╤Л╨╗╨╛ ╨╖╨░╨┤╨░╨╜╨╛ "AlwaysCreate".
  ╨Ю╨▒╤А╨░╤Й╨╡╨╜╨╕╨╡ ╨║ "Debug\CompilerIdCXX.tlog\unsuccessfulbuild".
ClCompile:
  D:\Visual Studio\VS\VC\Tools\MSVC\14.41.34120\bin\HostX64\x64\CL.exe /c /nologo /W0 /WX- /diagnostics:column /Od /D _MBCS /Gm- /EHsc /RTC1 /MDd /GS /fp:precise /Zc:wchar_t /Zc:forScope /Zc:inline /Fo"Debug\\" /Fd"Debug\vc143.pdb" /external:W0 /Gd /TP /FC /errorReport:queue CMakeCXXCompilerId.cpp
  CMakeCXXCompilerId.cpp
Link:
  D:\Visual Studio\VS\VC\Tools\MSVC\14.41.34120\bin\HostX64\x64\link.exe /ERRORREPORT:QUEUE /OUT:".\CompilerIdCXX.exe" /INCREMENTAL:NO /NOLOGO kernel32.lib user32.lib gdi32.lib winspool.lib comdlg32.lib advapi32.lib shell32.lib ole32.lib oleaut32.lib uuid.lib odbc32.lib odbccp32.lib /MANIFEST /MANIFESTUAC:"level='asInvoker' uiAccess='false'" /manifest:embed /PDB:".\CompilerIdCXX.pdb" /SUBSYSTEM:CONSOLE /TLBID:1 /DYNAMICBASE /NXCOMPAT /IMPLIB:".\CompilerIdCXX.lib" /MACHINE:X64 Debug\CMakeCXXCompilerId.obj
  CompilerIdCXX.vcxproj -> E:\jetbrains\CLionProjects\STRELKA2\Strelka\cmake-build-debug-visual-studio\CMakeFiles\3.25.2\CompilerIdCXX\CompilerIdCXX.exe
PostBuildEvent:
  for %%i in (cl.exe) do @echo CMAKE_CXX_COMPILER=%%~$PATH:i
  :VCEnd
  CMAKE_CXX_COMPILER=D:\Visual Studio\VS\VC\Tools\MSVC\14.41.34120\bin\Hostx64\x64\cl.exe
FinalizeBuildStatus:
  ╨д╨░╨╣╨╗ "Debug\CompilerIdCXX.tlog\unsuccessfulbuild" ╤Г╨┤╨░╨╗╤П╨╡╤В╤Б╤П.
  ╨Ю╨▒╤А╨░╤Й╨╡╨╜╨╕╨╡ ╨║ "Debug\CompilerIdCXX.tlog\CompilerIdCXX.lastbuildstate".
╨б╨▒╨╛╤А╨║╨░ ╨┐╤А╨╛╨╡╨║╤В╨░ "E:\jetbrains\CLionProjects\STRELKA2\Strelka\cmake-build-debug-visual-studio\CMakeFiles\3.25.2\CompilerIdCXX\CompilerIdCXX.vcxproj" ╨╖╨░╨▓╨╡╤А╤И╨╡╨╜╨░ (╤Ж╨╡╨╗╨╡╨▓╤Л╨╡ ╨╛╨▒╤К╨╡╨║╤В╤Л ╨┐╨╛ ╤Г╨╝╨╛╨╗╤З╨░╨╜╨╕╤О).

╨б╨▒╨╛╤А╨║╨░ ╤Г╤Б╨┐╨╡╤И╨╜╨╛ ╨╖╨░╨▓╨╡╤А╤И╨╡╨╜╨░.
    ╨Я╤А╨╡╨┤╤Г╨┐╤А╨╡╨╢╨┤╨╡╨╜╨╕╨╣: 0
    ╨Ю╤И╨╕╨▒╨╛╨║: 0

╨Я╤А╨╛╤И╨╗╨╛ ╨▓╤А╨╡╨╝╨╡╨╜╨╕ 00:00:02.32


Compilation of the CXX compiler identification source "CMakeCXXCompilerId.cpp" produced "CompilerIdCXX.exe"

Compilation of the CXX compiler identification source "CMakeCXXCompilerId.cpp" produced "CompilerIdCXX.vcxproj"

The CXX compiler identification is MSVC, found in "E:/jetbrains/CLionProjects/STRELKA2/Strelka/cmake-build-debug-visual-studio/CMakeFiles/3.25.2/CompilerIdCXX/CompilerIdCXX.exe"

Detecting CXX compiler ABI info compiled with the following output:
Change Dir: E:/jetbrains/CLionProjects/STRELKA2/Strelka/cmake-build-debug-visual-studio/CMakeFiles/CMakeScratch/TryCompile-m35sgb

Run Build Command(s):D:/Visual Studio/VS/MSBuild/Current/Bin/amd64/MSBuild.exe cmTC_4e48f.vcxproj /p:Configuration=Debug /p:Platform=x64 /p:VisualStudioVersion=17.0 /v:m && ╨Т╨╡╤А╤Б╨╕╤П MSBuild 17.11.9+a69bbaaf5 ╨┤╨╗╤П .NET Framework

  ╨Ю╨┐╤В╨╕╨╝╨╕╨╖╨╕╤А╤Г╤О╤Й╨╕╨╣ ╨║╨╛╨╝╨┐╨╕╨╗╤П╤В╨╛╤А Microsoft (R) C/C++ ╨▓╨╡╤А╤Б╨╕╨╕ 19.41.34123 ╨┤╨╗╤П x64
  (C) ╨Ъ╨╛╤А╨┐╨╛╤А╨░╤Ж╨╕╤П ╨Ь╨░╨╣╨║╤А╨╛╤Б╨╛╤Д╤В (Microsoft Corporation).  ╨Т╤Б╨╡ ╨┐╤А╨░╨▓╨░ ╨╖╨░╤Й╨╕╤Й╨╡╨╜╤Л.
  cl /c /Zi /W1 /WX- /diagnostics:column /Od /Ob0 /D _MBCS /D WIN32 /D _WINDOWS /D "CMAKE_INTDIR=\"Debug\"" /Gm- /EHsc /RTC1 /MDd /GS /fp:precise /Zc:wchar_t /Zc:forScope /Zc:inline /Fo"cmTC_4e48f.dir\Debug\\" /Fd"cmTC_4e48f.dir\Debug\vc143.pdb" /external:W1 /Gd /TP /errorReport:queue "E:\jetbrains\CLion 2023.1\bin\cmake\win\x64\share\cmake-3.25\Modules\CMakeCXXCompilerABI.cpp"
  CMakeCXXCompilerABI.cpp
  cmTC_4e48f.vcxproj -> E:\jetbrains\CLionProjects\STRELKA2\Strelka\cmake-build-debug-visual-studio\CMakeFiles\CMakeScratch\TryCompile-m35sgb\Debug\cmTC_4e48f.exe



